<?xml version="1.0" encoding="UTF-8"?>
<!-- Generated by org.testng.reporters.JUnitXMLReporter -->
<testsuite hostname="DESKTOP-RDSDRH0" ignored="0" name="CRMTest" tests="9" failures="0" timestamp="2020-08-28T20:42:25 IST" time="166.564" errors="0">
  <testcase name="verifyTitle" time="0.325" classname="sdetProject.VerifyPageTitle"/>
  <testcase name="printFooterText" time="0.286" classname="sdetProject.FooterText"/>
  <testcase name="verifyMenu" time="0.235" classname="sdetProject.MenuCheck"/>
  <testcase name="printMenuColour" time="1.325" classname="sdetProject.MenuColour"/>
  <testcase name="printImageUrl" time="0.056" classname="sdetProject.ImageUrl"/>
  <testcase name="loginAdmin" time="20.852" classname="sdetProject.CRMLogin"/>
  <testcase name="printDetail" time="70.848" classname="sdetProject.AdditionalDetails"/>
  <testcase name="printNames" time="9.348" classname="sdetProject.TraverseTable1"/>
  <testcase name="printNameUsername" time="7.953" classname="sdetProject.TraverseTable2"/>
</testsuite> <!-- CRMTest -->
